0 info it worked if it ends with ok
1 verbose cli [ '/usr/local/Cellar/node/7.1.0/bin/node',
1 verbose cli   '/usr/local/bin/npm',
1 verbose cli   'run',
1 verbose cli   'webpack' ]
2 info using npm@3.10.9
3 info using node@v7.1.0
4 verbose run-script [ 'prewebpack', 'webpack', 'postwebpack' ]
5 info lifecycle project@0.0.1~prewebpack: project@0.0.1
6 silly lifecycle project@0.0.1~prewebpack: no script for prewebpack, continuing
7 info lifecycle project@0.0.1~webpack: project@0.0.1
8 verbose lifecycle project@0.0.1~webpack: unsafe-perm in lifecycle true
9 verbose lifecycle project@0.0.1~webpack: PATH: /usr/local/lib/node_modules/npm/bin/node-gyp-bin:/Users/higashi/Documents/Personal/ModuleBundlingWithWebpack/node_modules/.bin:/usr/local/Cellar/node/7.1.0/bin:/usr/local/sbin:/usr/local/bin:/usr/local/share/npm/bin:/Users/higashi/.rvm/bin:/usr/local/bin:/usr/bin:/bin:/usr/sbin:/sbin:/usr/local/go/bin
10 verbose lifecycle project@0.0.1~webpack: CWD: /Users/higashi/Documents/Personal/ModuleBundlingWithWebpack
11 silly lifecycle project@0.0.1~webpack: Args: [ '-c', 'webpack --watch --progress --colors' ]
12 silly lifecycle project@0.0.1~webpack: Returned: code: 1  signal: null
13 info lifecycle project@0.0.1~webpack: Failed to exec webpack script
14 verbose stack Error: project@0.0.1 webpack: `webpack --watch --progress --colors`
14 verbose stack Exit status 1
14 verbose stack     at EventEmitter.<anonymous> (/usr/local/lib/node_modules/npm/lib/utils/lifecycle.js:255:16)
14 verbose stack     at emitTwo (events.js:106:13)
14 verbose stack     at EventEmitter.emit (events.js:191:7)
14 verbose stack     at ChildProcess.<anonymous> (/usr/local/lib/node_modules/npm/lib/utils/spawn.js:40:14)
14 verbose stack     at emitTwo (events.js:106:13)
14 verbose stack     at ChildProcess.emit (events.js:191:7)
14 verbose stack     at maybeClose (internal/child_process.js:885:16)
14 verbose stack     at Process.ChildProcess._handle.onexit (internal/child_process.js:226:5)
15 verbose pkgid project@0.0.1
16 verbose cwd /Users/higashi/Documents/Personal/ModuleBundlingWithWebpack
17 error Darwin 16.4.0
18 error argv "/usr/local/Cellar/node/7.1.0/bin/node" "/usr/local/bin/npm" "run" "webpack"
19 error node v7.1.0
20 error npm  v3.10.9
21 error code ELIFECYCLE
22 error project@0.0.1 webpack: `webpack --watch --progress --colors`
22 error Exit status 1
23 error Failed at the project@0.0.1 webpack script 'webpack --watch --progress --colors'.
23 error Make sure you have the latest version of node.js and npm installed.
23 error If you do, this is most likely a problem with the project package,
23 error not with npm itself.
23 error Tell the author that this fails on your system:
23 error     webpack --watch --progress --colors
23 error You can get information on how to open an issue for this project with:
23 error     npm bugs project
23 error Or if that isn't available, you can get their info via:
23 error     npm owner ls project
23 error There is likely additional logging output above.
24 verbose exit [ 1, true ]
